[debug] [2022-12-07T17:49:25.575Z] ----------------------------------------------------------------------
[debug] [2022-12-07T17:49:25.580Z] Command:       /opt/homebrew/Cellar/node/19.0.1/bin/node /opt/homebrew/bin/firebase init
[debug] [2022-12-07T17:49:25.581Z] CLI Version:   11.17.0
[debug] [2022-12-07T17:49:25.581Z] Platform:      darwin
[debug] [2022-12-07T17:49:25.581Z] Node Version:  v19.0.1
[debug] [2022-12-07T17:49:25.581Z] Time:          Wed Dec 07 2022 22:49:25 GMT+0500 (Pakistan Standard Time)
[debug] [2022-12-07T17:49:25.581Z] ----------------------------------------------------------------------
[debug] 
[debug] [2022-12-07T17:49:25.584Z] > command requires scopes: ["email","openid","https://www.googleapis.com/auth/cloudplatformprojects.readonly","https://www.googleapis.com/auth/firebase","https://www.googleapis.com/auth/cloud-platform"]
[debug] [2022-12-07T17:49:25.585Z] > authorizing via signed-in user (zuntechsols@gmail.com)
[info] 
     ######## #### ########  ######## ########     ###     ######  ########
     ##        ##  ##     ## ##       ##     ##  ##   ##  ##       ##
     ######    ##  ########  ######   ########  #########  ######  ######
     ##        ##  ##    ##  ##       ##     ## ##     ##       ## ##
     ##       #### ##     ## ######## ########  ##     ##  ######  ########

You're about to initialize a Firebase project in this directory:

  /Users/umais.r/Documents/React/React-Ruffle

[info] 
=== Project Setup
[info] 
[info] First, let's associate this project directory with a Firebase project.
[info] You can create multiple project aliases by running firebase use --add, 
[info] but for now we'll just set up a default project.
[info] 
[debug] [2022-12-07T17:49:35.350Z] >>> [apiv2][query] GET https://firebase.googleapis.com/v1beta1/projects pageSize=100
[debug] [2022-12-07T17:49:36.399Z] <<< [apiv2][status] GET https://firebase.googleapis.com/v1beta1/projects 200
[debug] [2022-12-07T17:49:36.399Z] <<< [apiv2][body] GET https://firebase.googleapis.com/v1beta1/projects [omitted]
[info] i  Using project micro-pilot-299617 (Bloodlines - The Game) 
[info] 
=== Hosting Setup
[info] 
[info] Your public directory is the folder (relative to your project directory) that
[info] will contain Hosting assets to be uploaded with firebase deploy. If you
[info] have a build process for your assets, use your build's output directory.
[info] 
[debug] [2022-12-07T17:50:53.908Z] >>> [apiv2][query] GET https://www.gstatic.com/firebasejs/releases.json [none]
[debug] [2022-12-07T17:50:54.478Z] <<< [apiv2][status] GET https://www.gstatic.com/firebasejs/releases.json 200
[debug] [2022-12-07T17:50:54.479Z] <<< [apiv2][body] GET https://www.gstatic.com/firebasejs/releases.json {"current":{"version":"9.14.0","browserURL":"https://www.gstatic.com/firebasejs/9.14.0/firebase.js","packageURL":"https://www.gstatic.com/firebasejs/9.14.0/firebase.tgz"},"live":{"version":"9.14","browserURL":"https://www.gstatic.com/firebasejs/live/9.14/firebase.js","packageURL":"https://www.gstatic.com/firebasejs/live/9.14/firebase.tgz"},"components":{"analytics":"https://www.gstatic.com/firebasejs/9.14.0/firebase-analytics.js","app":"https://www.gstatic.com/firebasejs/9.14.0/firebase-app.js","app-check":"https://www.gstatic.com/firebasejs/9.14.0/firebase-app-check.js","auth":"https://www.gstatic.com/firebasejs/9.14.0/firebase-auth.js","auth/cordova":"https://www.gstatic.com/firebasejs/9.14.0/firebase-auth/cordova.js","auth/react-native":"https://www.gstatic.com/firebasejs/9.14.0/firebase-auth/react-native.js","functions":"https://www.gstatic.com/firebasejs/9.14.0/firebase-functions.js","firestore":"https://www.gstatic.com/firebasejs/9.14.0/firebase-firestore.js","firestore/lite":"https://www.gstatic.com/firebasejs/9.14.0/firebase-firestore/lite.js","installations":"https://www.gstatic.com/firebasejs/9.14.0/firebase-installations.js","storage":"https://www.gstatic.com/firebasejs/9.14.0/firebase-storage.js","performance":"https://www.gstatic.com/firebasejs/9.14.0/firebase-performance.js","remote-config":"https://www.gstatic.com/firebasejs/9.14.0/firebase-remote-config.js","messaging":"https://www.gstatic.com/firebasejs/9.14.0/firebase-messaging.js","messaging/sw":"https://www.gstatic.com/firebasejs/9.14.0/firebase-messaging/sw.js","database":"https://www.gstatic.com/firebasejs/9.14.0/firebase-database.js","firestore.memory":"https://www.gstatic.com/firebasejs/9.14.0/firebase-firestore.memory.js"}}
[info] i  Skipping write of build/index.html 
[info] 
[info] i  Detected a .git folder at /Users/umais.r/Documents/React/React-Ruffle 
[info] i  Authorizing with GitHub to upload your service account to a GitHub repository's secrets store. 
[info] 
[info] Visit this URL on this device to log in:
[info] https://github.com/login/oauth/authorize?client_id=89cf50f02ac6aaed3484&state=109668174&redirect_uri=http%3A%2F%2Flocalhost%3A9005&scope=read%3Auser%20repo%20public_repo
[info] 
[info] Waiting for authentication...
[debug] [2022-12-07T17:51:15.730Z] >>> [apiv2][query] POST https://github.com/login/oauth/access_token [none]
[debug] [2022-12-07T17:51:15.730Z] >>> [apiv2][body] POST https://github.com/login/oauth/access_token [stream]
[debug] [2022-12-07T17:51:16.323Z] <<< [apiv2][status] POST https://github.com/login/oauth/access_token 200
[debug] [2022-12-07T17:51:16.324Z] <<< [apiv2][body] POST https://github.com/login/oauth/access_token {"access_token":"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","token_type":"bearer","scope":"read:user,repo"}
[debug] [2022-12-07T17:51:16.331Z] >>> [apiv2][query] GET https://api.github.com/user [none]
[debug] [2022-12-07T17:51:16.922Z] <<< [apiv2][status] GET https://api.github.com/user 200
[debug] [2022-12-07T17:51:16.923Z] <<< [apiv2][body] GET https://api.github.com/user {"login":"umaiss","id":51091819,"node_id":"MDQ6VXNlcjUxMDkxODE5","avatar_url":"https://avatars.githubusercontent.com/u/51091819?v=4","gravatar_id":"","url":"https://api.github.com/users/umaiss","html_url":"https://github.com/umaiss","followers_url":"https://api.github.com/users/umaiss/followers","following_url":"https://api.github.com/users/umaiss/following{/other_user}","gists_url":"https://api.github.com/users/umaiss/gists{/gist_id}","starred_url":"https://api.github.com/users/umaiss/starred{/owner}{/repo}","subscriptions_url":"https://api.github.com/users/umaiss/subscriptions","organizations_url":"https://api.github.com/users/umaiss/orgs","repos_url":"https://api.github.com/users/umaiss/repos","events_url":"https://api.github.com/users/umaiss/events{/privacy}","received_events_url":"https://api.github.com/users/umaiss/received_events","type":"User","site_admin":false,"name":null,"company":null,"blog":"","location":null,"email":null,"hireable":null,"bio":null,"twitter_username":null,"public_repos":11,"public_gists":0,"followers":1,"following":1,"created_at":"2019-05-27T16:28:35Z","updated_at":"2022-09-29T10:26:32Z","private_gists":0,"total_private_repos":8,"owned_private_repos":8,"disk_usage":41051,"collaborators":3,"two_factor_authentication":false,"plan":{"name":"free","space":976562499,"collaborators":0,"private_repos":10000}}
[info] 
[info] ✔  Success! Logged into GitHub as umaiss 
[info] 
[debug] [2022-12-07T17:56:55.100Z] >>> [apiv2][query] GET https://api.github.com/repos//actions/secrets/public-key type=owner
[debug] [2022-12-07T17:56:55.598Z] <<< [apiv2][status] GET https://api.github.com/repos//actions/secrets/public-key 404
[debug] [2022-12-07T17:56:55.599Z] <<< [apiv2][body] GET https://api.github.com/repos//actions/secrets/public-key {"message":"Not Found","documentation_url":"https://docs.github.com/rest"}
[debug] [2022-12-07T17:56:59.326Z] >>> [apiv2][query] GET https://api.github.com/repos//actions/secrets/public-key type=owner
[debug] [2022-12-07T17:56:59.639Z] <<< [apiv2][status] GET https://api.github.com/repos//actions/secrets/public-key 404
[debug] [2022-12-07T17:56:59.639Z] <<< [apiv2][body] GET https://api.github.com/repos//actions/secrets/public-key {"message":"Not Found","documentation_url":"https://docs.github.com/rest"}
[debug] [2022-12-07T17:57:00.980Z] >>> [apiv2][query] GET https://api.github.com/repos//actions/secrets/public-key type=owner
[debug] [2022-12-07T17:57:01.298Z] <<< [apiv2][status] GET https://api.github.com/repos//actions/secrets/public-key 404
[debug] [2022-12-07T17:57:01.298Z] <<< [apiv2][body] GET https://api.github.com/repos//actions/secrets/public-key {"message":"Not Found","documentation_url":"https://docs.github.com/rest"}
[debug] [2022-12-07T17:57:02.004Z] >>> [apiv2][query] GET https://api.github.com/repos//actions/secrets/public-key type=owner
[debug] [2022-12-07T17:57:02.343Z] <<< [apiv2][status] GET https://api.github.com/repos//actions/secrets/public-key 404
[debug] [2022-12-07T17:57:02.343Z] <<< [apiv2][body] GET https://api.github.com/repos//actions/secrets/public-key {"message":"Not Found","documentation_url":"https://docs.github.com/rest"}
[debug] [2022-12-07T17:57:05.076Z] >>> [apiv2][query] GET https://api.github.com/repos//actions/secrets/public-key type=owner
[debug] [2022-12-07T17:57:05.405Z] <<< [apiv2][status] GET https://api.github.com/repos//actions/secrets/public-key 404
[debug] [2022-12-07T17:57:05.405Z] <<< [apiv2][body] GET https://api.github.com/repos//actions/secrets/public-key {"message":"Not Found","documentation_url":"https://docs.github.com/rest"}
